<?xml version="1.0" encoding="UTF-8"?>
<!-- Generated by org.testng.reporters.JUnitReportReporter -->
<testsuite hostname="KUMARANHARSHA" failures="0" tests="6" name="org.toPassTheDataFromDataProviderToWebPage.ToPassTheDataFromDataProviderToWebPage" time="41.685" errors="0" timestamp="2024-12-28T23:29:18 IST" skipped="0">
  <testcase classname="org.toPassTheDataFromDataProviderToWebPage.ToPassTheDataFromDataProviderToWebPage" name="parameterizedTest" time="7.688"/>
  <system-out/>
  <testcase classname="org.toPassTheDataFromDataProviderToWebPage.ToPassTheDataFromDataProviderToWebPage" name="parameterizedTest" time="6.801"/>
  <system-out/>
  <testcase classname="org.toPassTheDataFromDataProviderToWebPage.ToPassTheDataFromDataProviderToWebPage" name="parameterizedTest" time="5.566"/>
  <system-out/>
  <testcase classname="org.toPassTheDataFromDataProviderToWebPage.ToPassTheDataFromDataProviderToWebPage" name="parameterizedTest" time="5.462"/>
  <system-out/>
  <testcase classname="org.toPassTheDataFromDataProviderToWebPage.ToPassTheDataFromDataProviderToWebPage" name="parameterizedTest" time="6.689"/>
  <system-out/>
  <testcase classname="org.toPassTheDataFromDataProviderToWebPage.ToPassTheDataFromDataProviderToWebPage" name="parameterizedTest" time="9.479"/>
  <system-out/>
</testsuite> <!-- org.toPassTheDataFromDataProviderToWebPage.ToPassTheDataFromDataProviderToWebPage -->
