<?xml version="1.0" encoding="UTF-8"?>
<!-- Generated by org.testng.reporters.JUnitReportReporter -->
<testsuite hostname="KUMARANHARSHA" failures="0" tests="1" name="org.writeDataFromWebPageToExcel.WriteData1" time="57.326" errors="0" timestamp="2024-12-29T01:25:10 IST" skipped="0">
  <testcase classname="org.writeDataFromWebPageToExcel.WriteData1" name="main" time="57.326"/>
  <system-out/>
</testsuite> <!-- org.writeDataFromWebPageToExcel.WriteData1 -->
