<?xml version="1.0" encoding="UTF-8"?>
<!-- Generated by org.testng.reporters.JUnitReportReporter -->
<testsuite hostname="KUMARANHARSHA" failures="0" tests="10" name="org.toPassTheMultipleSetOfDataFromExcelToWebPageWithHelpOfDataProvider.ToPassDataFromExcelWithHelpOfDataProvider" time="69.409" errors="0" timestamp="2024-12-29T00:09:32 IST" skipped="0">
  <testcase classname="org.toPassTheMultipleSetOfDataFromExcelToWebPageWithHelpOfDataProvider.ToPassDataFromExcelWithHelpOfDataProvider" name="parameterizedTest" time="6.740"/>
  <system-out/>
  <testcase classname="org.toPassTheMultipleSetOfDataFromExcelToWebPageWithHelpOfDataProvider.ToPassDataFromExcelWithHelpOfDataProvider" name="parameterizedTest" time="5.886"/>
  <system-out/>
  <testcase classname="org.toPassTheMultipleSetOfDataFromExcelToWebPageWithHelpOfDataProvider.ToPassDataFromExcelWithHelpOfDataProvider" name="parameterizedTest" time="6.788"/>
  <system-out/>
  <testcase classname="org.toPassTheMultipleSetOfDataFromExcelToWebPageWithHelpOfDataProvider.ToPassDataFromExcelWithHelpOfDataProvider" name="parameterizedTest" time="8.326"/>
  <system-out/>
  <testcase classname="org.toPassTheMultipleSetOfDataFromExcelToWebPageWithHelpOfDataProvider.ToPassDataFromExcelWithHelpOfDataProvider" name="parameterizedTest" time="7.753"/>
  <system-out/>
  <testcase classname="org.toPassTheMultipleSetOfDataFromExcelToWebPageWithHelpOfDataProvider.ToPassDataFromExcelWithHelpOfDataProvider" name="parameterizedTest" time="6.034"/>
  <system-out/>
  <testcase classname="org.toPassTheMultipleSetOfDataFromExcelToWebPageWithHelpOfDataProvider.ToPassDataFromExcelWithHelpOfDataProvider" name="parameterizedTest" time="5.788"/>
  <system-out/>
  <testcase classname="org.toPassTheMultipleSetOfDataFromExcelToWebPageWithHelpOfDataProvider.ToPassDataFromExcelWithHelpOfDataProvider" name="parameterizedTest" time="6.257"/>
  <system-out/>
  <testcase classname="org.toPassTheMultipleSetOfDataFromExcelToWebPageWithHelpOfDataProvider.ToPassDataFromExcelWithHelpOfDataProvider" name="parameterizedTest" time="8.838"/>
  <system-out/>
  <testcase classname="org.toPassTheMultipleSetOfDataFromExcelToWebPageWithHelpOfDataProvider.ToPassDataFromExcelWithHelpOfDataProvider" name="parameterizedTest" time="6.999"/>
  <system-out/>
</testsuite> <!-- org.toPassTheMultipleSetOfDataFromExcelToWebPageWithHelpOfDataProvider.ToPassDataFromExcelWithHelpOfDataProvider -->
